build/app/intermediates/manifest_merge_blame_file/debug/manifest-merger-blame-debug-report.txt
1<?xml version="1.0" encoding="utf-8"?>
2<manifest xmlns:android="http://schemas.android.com/apk/res/android"
3    package="com.example.simpleui"
4    android:versionCode="1"
5    android:versionName="1.0.0" >
6
7    <uses-sdk
8        android:minSdkVersion="21"
9        android:targetSdkVersion="33" />
10    <!--
11         The INTERNET permission is required for development. Specifically,
12         the Flutter tool needs it to communicate with the running application
13         to allow setting breakpoints, to provide hot reload, etc.
14    -->
15    <uses-permission android:name="android.permission.INTERNET" />
15-->src\debug\AndroidManifest.xml:7:5-66
15-->src\debug\AndroidManifest.xml:7:22-64
16    <uses-permission android:name="android.permission.WAKE_LOCK" />
16-->[:firebase_messaging] AndroidManifest.xml:10:5-68
16-->[:firebase_messaging] AndroidManifest.xml:10:22-65
17    <uses-permission android:name="android.permission.ACCESS_NETWORK_STATE" /> <!-- Permissions options for the `notification` group -->
17-->[:firebase_messaging] AndroidManifest.xml:11:5-79
17-->[:firebase_messaging] AndroidManifest.xml:11:22-76
18    <uses-permission android:name="android.permission.Recipe_NOTIFICATIONS" /> <!-- Required by older versions of Google Play services to create IID tokens -->
18-->[:firebase_messaging] AndroidManifest.xml:13:5-77
18-->[:firebase_messaging] AndroidManifest.xml:13:22-74
19    <uses-permission android:name="com.google.android.c2dm.permission.RECEIVE" />
19-->[com.google.firebase:firebase-iid:21.1.0] AndroidManifest.xml:26:5-82
19-->[com.google.firebase:firebase-iid:21.1.0] AndroidManifest.xml:26:22-79
20
21    <application
22        android:name="android.app.Application"
23        android:appComponentFactory="androidx.core.app.CoreComponentFactory"
23-->[androidx.core:core:1.8.0] AndroidManifest.xml:24:18-86
24        android:debuggable="true"
25        android:icon="@mipmap/launcher_icon"
26        android:label="MyFitnessPal App" >
27        <activity
28            android:name="com.example.simpleui.MainActivity"
29            android:configChanges="orientation|keyboardHidden|keyboard|screenSize|smallestScreenSize|locale|layoutDirection|fontScale|screenLayout|density|uiMode"
30            android:exported="true"
31            android:hardwareAccelerated="true"
32            android:launchMode="singleTop"
33            android:theme="@style/LaunchTheme"
34            android:windowSoftInputMode="adjustResize" >
35
36            <!--
37                 Specifies an Android theme to apply to this Activity as soon as
38                 the Android process has started. This theme is visible to the user
39                 while the Flutter UI initializes. After that, this theme continues
40                 to determine the Window background behind the Flutter UI.
41            -->
42            <meta-data
43                android:name="io.flutter.embedding.android.NormalTheme"
44                android:resource="@style/NormalTheme" />
45
46            <intent-filter>
47                <action android:name="android.intent.action.MAIN" />
48
49                <category android:name="android.intent.category.LAUNCHER" />
50            </intent-filter>
51            <intent-filter>
52                <action android:name="FLUTTER_NOTIFICATION_CLICK" />
53
54                <category android:name="android.intent.category.DEFAULT" />
54-->[com.google.firebase:firebase-auth:21.1.0] AndroidManifest.xml:36:17-76
54-->[com.google.firebase:firebase-auth:21.1.0] AndroidManifest.xml:36:27-73
55            </intent-filter>
56        </activity>
57        <!--
58             Don't delete the meta-data below.
59             This is used by the Flutter tool to generate GeneratedPluginRegistrant.java
60        -->
61        <meta-data
62            android:name="flutterEmbedding"
63            android:value="2" />
64
65        <service
65-->[:firebase_auth] AndroidManifest.xml:10:9-14:19
66            android:name="com.google.firebase.components.ComponentDiscoveryService"
66-->[:firebase_auth] AndroidManifest.xml:10:18-89
67            android:directBootAware="true"
67-->[com.google.firebase:firebase-common:20.3.0] AndroidManifest.xml:34:13-43
68            android:exported="false" >
68-->[com.google.firebase:firebase-iid:21.1.0] AndroidManifest.xml:31:13-37
69            <meta-data
69-->[:firebase_auth] AndroidManifest.xml:11:13-13:85
70                android:name="com.google.firebase.components:io.flutter.plugins.firebase.auth.FlutterFirebaseAuthRegistrar"
70-->[:firebase_auth] AndroidManifest.xml:12:17-124
71                android:value="com.google.firebase.components.ComponentRegistrar" />
71-->[:firebase_auth] AndroidManifest.xml:13:17-82
72            <meta-data
72-->[:firebase_storage] AndroidManifest.xml:11:13-13:85
73                android:name="com.google.firebase.components:io.flutter.plugins.firebase.storage.FlutterFirebaseAppRegistrar"
73-->[:firebase_storage] AndroidManifest.xml:12:17-126
74                android:value="com.google.firebase.components.ComponentRegistrar" />
74-->[:firebase_storage] AndroidManifest.xml:13:17-82
75            <meta-data
75-->[:cloud_firestore] AndroidManifest.xml:11:13-13:85
76                android:name="com.google.firebase.components:io.flutter.plugins.firebase.firestore.FlutterFirebaseFirestoreRegistrar"
76-->[:cloud_firestore] AndroidManifest.xml:12:17-134
77                android:value="com.google.firebase.components.ComponentRegistrar" />
77-->[:cloud_firestore] AndroidManifest.xml:13:17-82
78            <meta-data
78-->[:firebase_messaging] AndroidManifest.xml:38:13-40:85
79                android:name="com.google.firebase.components:io.flutter.plugins.firebase.messaging.FlutterFirebaseAppRegistrar"
79-->[:firebase_messaging] AndroidManifest.xml:39:17-128
80                android:value="com.google.firebase.components.ComponentRegistrar" />
80-->[:firebase_messaging] AndroidManifest.xml:40:17-82
81            <meta-data
81-->[:firebase_core] AndroidManifest.xml:11:13-13:85
82                android:name="com.google.firebase.components:io.flutter.plugins.firebase.core.FlutterFirebaseCoreRegistrar"
82-->[:firebase_core] AndroidManifest.xml:12:17-124
83                android:value="com.google.firebase.components.ComponentRegistrar" />
83-->[:firebase_core] AndroidManifest.xml:13:17-82
84            <meta-data
84-->[com.google.firebase:firebase-iid:21.1.0] AndroidManifest.xml:32:13-34:85
85                android:name="com.google.firebase.components:com.google.firebase.iid.Registrar"
85-->[com.google.firebase:firebase-iid:21.1.0] AndroidManifest.xml:33:17-96
86                android:value="com.google.firebase.components.ComponentRegistrar" />
86-->[com.google.firebase:firebase-iid:21.1.0] AndroidManifest.xml:34:17-82
87            <meta-data
87-->[com.google.firebase:firebase-auth:21.1.0] AndroidManifest.xml:67:13-69:85
88                android:name="com.google.firebase.components:com.google.firebase.auth.FirebaseAuthRegistrar"
88-->[com.google.firebase:firebase-auth:21.1.0] AndroidManifest.xml:68:17-109
89                android:value="com.google.firebase.components.ComponentRegistrar" />
89-->[com.google.firebase:firebase-auth:21.1.0] AndroidManifest.xml:69:17-82
90            <meta-data
90-->[com.google.firebase:firebase-firestore:24.4.2] AndroidManifest.xml:19:13-21:85
91                android:name="com.google.firebase.components:com.google.firebase.firestore.FirestoreRegistrar"
91-->[com.google.firebase:firebase-firestore:24.4.2] AndroidManifest.xml:20:17-111
92                android:value="com.google.firebase.components.ComponentRegistrar" />
92-->[com.google.firebase:firebase-firestore:24.4.2] AndroidManifest.xml:21:17-82
93            <meta-data
93-->[com.google.firebase:firebase-messaging:23.1.1] AndroidManifest.xml:55:13-57:85
94                android:name="com.google.firebase.components:com.google.firebase.messaging.FirebaseMessagingRegistrar"
94-->[com.google.firebase:firebase-messaging:23.1.1] AndroidManifest.xml:56:17-119
95                android:value="com.google.firebase.components.ComponentRegistrar" />
95-->[com.google.firebase:firebase-messaging:23.1.1] AndroidManifest.xml:57:17-82
96            <meta-data
96-->[com.google.firebase:firebase-storage:20.1.0] AndroidManifest.xml:32:13-34:85
97                android:name="com.google.firebase.components:com.google.firebase.storage.StorageRegistrar"
97-->[com.google.firebase:firebase-storage:20.1.0] AndroidManifest.xml:33:17-107
98                android:value="com.google.firebase.components.ComponentRegistrar" />
98-->[com.google.firebase:firebase-storage:20.1.0] AndroidManifest.xml:34:17-82
99            <meta-data
99-->[com.google.firebase:firebase-installations:17.1.0] AndroidManifest.xml:17:13-19:85
100                android:name="com.google.firebase.components:com.google.firebase.installations.FirebaseInstallationsRegistrar"
100-->[com.google.firebase:firebase-installations:17.1.0] AndroidManifest.xml:18:17-127
101                android:value="com.google.firebase.components.ComponentRegistrar" />
101-->[com.google.firebase:firebase-installations:17.1.0] AndroidManifest.xml:19:17-82
102            <meta-data
102-->[com.google.firebase:firebase-datatransport:18.1.7] AndroidManifest.xml:27:13-29:85
103                android:name="com.google.firebase.components:com.google.firebase.datatransport.TransportRegistrar"
103-->[com.google.firebase:firebase-datatransport:18.1.7] AndroidManifest.xml:28:17-115
104                android:value="com.google.firebase.components.ComponentRegistrar" />
104-->[com.google.firebase:firebase-datatransport:18.1.7] AndroidManifest.xml:29:17-82
105        </service>
106        <service
106-->[:firebase_messaging] AndroidManifest.xml:16:9-19:72
107            android:name="io.flutter.plugins.firebase.messaging.FlutterFirebaseMessagingBackgroundService"
107-->[:firebase_messaging] AndroidManifest.xml:17:13-107
108            android:exported="false"
108-->[:firebase_messaging] AndroidManifest.xml:18:13-37
109            android:permission="android.permission.BIND_JOB_SERVICE" />
109-->[:firebase_messaging] AndroidManifest.xml:19:13-69
110        <service
110-->[:firebase_messaging] AndroidManifest.xml:20:9-26:19
111            android:name="io.flutter.plugins.firebase.messaging.FlutterFirebaseMessagingService"
111-->[:firebase_messaging] AndroidManifest.xml:21:13-97
112            android:exported="false" >
112-->[:firebase_messaging] AndroidManifest.xml:22:13-37
113            <intent-filter>
113-->[:firebase_messaging] AndroidManifest.xml:23:13-25:29
114                <action android:name="com.google.firebase.MESSAGING_EVENT" />
114-->[:firebase_messaging] AndroidManifest.xml:24:17-78
114-->[:firebase_messaging] AndroidManifest.xml:24:25-75
115            </intent-filter>
116        </service>
117
118        <receiver
118-->[:firebase_messaging] AndroidManifest.xml:28:9-35:20
119            android:name="io.flutter.plugins.firebase.messaging.FlutterFirebaseMessagingReceiver"
119-->[:firebase_messaging] AndroidManifest.xml:29:13-98
120            android:exported="true"
120-->[:firebase_messaging] AndroidManifest.xml:30:13-36
121            android:permission="com.google.android.c2dm.permission.SEND" >
121-->[:firebase_messaging] AndroidManifest.xml:31:13-73
122            <intent-filter>
122-->[:firebase_messaging] AndroidManifest.xml:32:13-34:29
123                <action android:name="com.google.android.c2dm.intent.RECEIVE" />
123-->[:firebase_messaging] AndroidManifest.xml:33:17-81
123-->[:firebase_messaging] AndroidManifest.xml:33:25-78
124            </intent-filter>
125        </receiver>
126
127        <provider
127-->[:firebase_messaging] AndroidManifest.xml:43:9-47:38
128            android:name="io.flutter.plugins.firebase.messaging.FlutterFirebaseMessagingInitProvider"
128-->[:firebase_messaging] AndroidManifest.xml:44:13-102
129            android:authorities="com.example.simpleui.flutterfirebasemessaginginitprovider"
129-->[:firebase_messaging] AndroidManifest.xml:45:13-88
130            android:exported="false"
130-->[:firebase_messaging] AndroidManifest.xml:46:13-37
131            android:initOrder="99" />
131-->[:firebase_messaging] AndroidManifest.xml:47:13-35
132        <provider
132-->[:image_picker_android] AndroidManifest.xml:10:9-18:20
133            android:name="io.flutter.plugins.imagepicker.ImagePickerFileProvider"
133-->[:image_picker_android] AndroidManifest.xml:11:13-82
134            android:authorities="com.example.simpleui.flutter.image_provider"
134-->[:image_picker_android] AndroidManifest.xml:12:13-74
135            android:exported="false"
135-->[:image_picker_android] AndroidManifest.xml:13:13-37
136            android:grantUriPermissions="true" >
136-->[:image_picker_android] AndroidManifest.xml:14:13-47
137            <meta-data
137-->[:image_picker_android] AndroidManifest.xml:15:13-17:75
138                android:name="android.support.FILE_PROVIDER_PATHS"
138-->[:image_picker_android] AndroidManifest.xml:16:17-67
139                android:resource="@xml/flutter_image_picker_file_paths" />
139-->[:image_picker_android] AndroidManifest.xml:17:17-72
140        </provider>
141
142        <uses-library
142-->[androidx.window:window:1.0.0-beta04] AndroidManifest.xml:25:9-27:40
143            android:name="androidx.window.extensions"
143-->[androidx.window:window:1.0.0-beta04] AndroidManifest.xml:26:13-54
144            android:required="false" />
144-->[androidx.window:window:1.0.0-beta04] AndroidManifest.xml:27:13-37
145        <uses-library
145-->[androidx.window:window:1.0.0-beta04] AndroidManifest.xml:28:9-30:40
146            android:name="androidx.window.sidecar"
146-->[androidx.window:window:1.0.0-beta04] AndroidManifest.xml:29:13-51
147            android:required="false" />
147-->[androidx.window:window:1.0.0-beta04] AndroidManifest.xml:30:13-37
148
149        <activity
149-->[com.google.firebase:firebase-auth:21.1.0] AndroidManifest.xml:27:9-44:20
150            android:name="com.google.firebase.auth.internal.GenericIdpActivity"
150-->[com.google.firebase:firebase-auth:21.1.0] AndroidManifest.xml:28:13-80
151            android:excludeFromRecents="true"
151-->[com.google.firebase:firebase-auth:21.1.0] AndroidManifest.xml:29:13-46
152            android:exported="true"
152-->[com.google.firebase:firebase-auth:21.1.0] AndroidManifest.xml:30:13-36
153            android:launchMode="singleTask"
153-->[com.google.firebase:firebase-auth:21.1.0] AndroidManifest.xml:31:13-44
154            android:theme="@android:style/Theme.Translucent.NoTitleBar" >
154-->[com.google.firebase:firebase-auth:21.1.0] AndroidManifest.xml:32:13-72
155            <intent-filter>
155-->[com.google.firebase:firebase-auth:21.1.0] AndroidManifest.xml:33:13-43:29
156                <action android:name="android.intent.action.VIEW" />
156-->[com.google.firebase:firebase-auth:21.1.0] AndroidManifest.xml:34:17-69
156-->[com.google.firebase:firebase-auth:21.1.0] AndroidManifest.xml:34:25-66
157
158                <category android:name="android.intent.category.DEFAULT" />
158-->[com.google.firebase:firebase-auth:21.1.0] AndroidManifest.xml:36:17-76
158-->[com.google.firebase:firebase-auth:21.1.0] AndroidManifest.xml:36:27-73
159                <category android:name="android.intent.category.BROWSABLE" />
159-->[com.google.firebase:firebase-auth:21.1.0] AndroidManifest.xml:37:17-78
159-->[com.google.firebase:firebase-auth:21.1.0] AndroidManifest.xml:37:27-75
160
161                <data
161-->[com.google.firebase:firebase-auth:21.1.0] AndroidManifest.xml:39:17-42:51
162                    android:host="firebase.auth"
162-->[com.google.firebase:firebase-auth:21.1.0] AndroidManifest.xml:40:21-49
163                    android:path="/"
163-->[com.google.firebase:firebase-auth:21.1.0] AndroidManifest.xml:41:21-37
164                    android:scheme="genericidp" />
164-->[com.google.firebase:firebase-auth:21.1.0] AndroidManifest.xml:42:21-48
165            </intent-filter>
166        </activity>
167        <activity
167-->[com.google.firebase:firebase-auth:21.1.0] AndroidManifest.xml:45:9-62:20
168            android:name="com.google.firebase.auth.internal.RecaptchaActivity"
168-->[com.google.firebase:firebase-auth:21.1.0] AndroidManifest.xml:46:13-79
169            android:excludeFromRecents="true"
169-->[com.google.firebase:firebase-auth:21.1.0] AndroidManifest.xml:47:13-46
170            android:exported="true"
170-->[com.google.firebase:firebase-auth:21.1.0] AndroidManifest.xml:48:13-36
171            android:launchMode="singleTask"
171-->[com.google.firebase:firebase-auth:21.1.0] AndroidManifest.xml:49:13-44
172            android:theme="@android:style/Theme.Translucent.NoTitleBar" >
172-->[com.google.firebase:firebase-auth:21.1.0] AndroidManifest.xml:50:13-72
173            <intent-filter>
173-->[com.google.firebase:firebase-auth:21.1.0] AndroidManifest.xml:51:13-61:29
174                <action android:name="android.intent.action.VIEW" />
174-->[com.google.firebase:firebase-auth:21.1.0] AndroidManifest.xml:34:17-69
174-->[com.google.firebase:firebase-auth:21.1.0] AndroidManifest.xml:34:25-66
175
176                <category android:name="android.intent.category.DEFAULT" />
176-->[com.google.firebase:firebase-auth:21.1.0] AndroidManifest.xml:36:17-76
176-->[com.google.firebase:firebase-auth:21.1.0] AndroidManifest.xml:36:27-73
177                <category android:name="android.intent.category.BROWSABLE" />
177-->[com.google.firebase:firebase-auth:21.1.0] AndroidManifest.xml:37:17-78
177-->[com.google.firebase:firebase-auth:21.1.0] AndroidManifest.xml:37:27-75
178
179                <data
179-->[com.google.firebase:firebase-auth:21.1.0] AndroidManifest.xml:39:17-42:51
180                    android:host="firebase.auth"
180-->[com.google.firebase:firebase-auth:21.1.0] AndroidManifest.xml:40:21-49
181                    android:path="/"
181-->[com.google.firebase:firebase-auth:21.1.0] AndroidManifest.xml:41:21-37
182                    android:scheme="recaptcha" />
182-->[com.google.firebase:firebase-auth:21.1.0] AndroidManifest.xml:42:21-48
183            </intent-filter>
184        </activity>
185
186        <receiver
186-->[com.google.firebase:firebase-messaging:23.1.1] AndroidManifest.xml:31:9-38:20
187            android:name="com.google.firebase.iid.FirebaseInstanceIdReceiver"
187-->[com.google.firebase:firebase-messaging:23.1.1] AndroidManifest.xml:32:13-78
188            android:exported="true"
188-->[com.google.firebase:firebase-messaging:23.1.1] AndroidManifest.xml:33:13-36
189            android:permission="com.google.android.c2dm.permission.SEND" >
189-->[com.google.firebase:firebase-messaging:23.1.1] AndroidManifest.xml:34:13-73
190            <intent-filter>
190-->[:firebase_messaging] AndroidManifest.xml:32:13-34:29
191                <action android:name="com.google.android.c2dm.intent.RECEIVE" />
191-->[:firebase_messaging] AndroidManifest.xml:33:17-81
191-->[:firebase_messaging] AndroidManifest.xml:33:25-78
192            </intent-filter>
193        </receiver>
194        <!--
195             FirebaseMessagingService performs security checks at runtime,
196             but set to not exported to explicitly avoid allowing another app to call it.
197        -->
198        <service
198-->[com.google.firebase:firebase-messaging:23.1.1] AndroidManifest.xml:44:9-51:19
199            android:name="com.google.firebase.messaging.FirebaseMessagingService"
199-->[com.google.firebase:firebase-messaging:23.1.1] AndroidManifest.xml:45:13-82
200            android:directBootAware="true"
200-->[com.google.firebase:firebase-messaging:23.1.1] AndroidManifest.xml:46:13-43
201            android:exported="false" >
201-->[com.google.firebase:firebase-messaging:23.1.1] AndroidManifest.xml:47:13-37
202            <intent-filter android:priority="-500" >
202-->[:firebase_messaging] AndroidManifest.xml:23:13-25:29
203                <action android:name="com.google.firebase.MESSAGING_EVENT" />
203-->[:firebase_messaging] AndroidManifest.xml:24:17-78
203-->[:firebase_messaging] AndroidManifest.xml:24:25-75
204            </intent-filter>
205        </service>
206
207        <provider
207-->[com.google.firebase:firebase-common:20.3.0] AndroidManifest.xml:25:9-30:39
208            android:name="com.google.firebase.provider.FirebaseInitProvider"
208-->[com.google.firebase:firebase-common:20.3.0] AndroidManifest.xml:26:13-77
209            android:authorities="com.example.simpleui.firebaseinitprovider"
209-->[com.google.firebase:firebase-common:20.3.0] AndroidManifest.xml:27:13-72
210            android:directBootAware="true"
210-->[com.google.firebase:firebase-common:20.3.0] AndroidManifest.xml:28:13-43
211            android:exported="false"
211-->[com.google.firebase:firebase-common:20.3.0] AndroidManifest.xml:29:13-37
212            android:initOrder="100" />
212-->[com.google.firebase:firebase-common:20.3.0] AndroidManifest.xml:30:13-36
213
214        <activity
214-->[com.google.android.gms:play-services-base:18.0.1] AndroidManifest.xml:20:9-22:45
215            android:name="com.google.android.gms.common.api.GoogleApiActivity"
215-->[com.google.android.gms:play-services-base:18.0.1] AndroidManifest.xml:20:19-85
216            android:exported="false"
216-->[com.google.android.gms:play-services-base:18.0.1] AndroidManifest.xml:22:19-43
217            android:theme="@android:style/Theme.Translucent.NoTitleBar" />
217-->[com.google.android.gms:play-services-base:18.0.1] AndroidManifest.xml:21:19-78
218
219        <meta-data
219-->[com.google.android.gms:play-services-basement:18.1.0] AndroidManifest.xml:21:9-23:69
220            android:name="com.google.android.gms.version"
220-->[com.google.android.gms:play-services-basement:18.1.0] AndroidManifest.xml:22:13-58
221            android:value="@integer/google_play_services_version" />
221-->[com.google.android.gms:play-services-basement:18.1.0] AndroidManifest.xml:23:13-66
222
223        <service
223-->[com.google.android.datatransport:transport-backend-cct:3.1.8] AndroidManifest.xml:28:9-34:19
224            android:name="com.google.android.datatransport.runtime.backends.TransportBackendDiscovery"
224-->[com.google.android.datatransport:transport-backend-cct:3.1.8] AndroidManifest.xml:29:13-103
225            android:exported="false" >
225-->[com.google.android.datatransport:transport-backend-cct:3.1.8] AndroidManifest.xml:30:13-37
226            <meta-data
226-->[com.google.android.datatransport:transport-backend-cct:3.1.8] AndroidManifest.xml:31:13-33:39
227                android:name="backend:com.google.android.datatransport.cct.CctBackendFactory"
227-->[com.google.android.datatransport:transport-backend-cct:3.1.8] AndroidManifest.xml:32:17-94
228                android:value="cct" />
228-->[com.google.android.datatransport:transport-backend-cct:3.1.8] AndroidManifest.xml:33:17-36
229        </service>
230        <service
230-->[com.google.android.datatransport:transport-runtime:3.1.8] AndroidManifest.xml:26:9-30:19
231            android:name="com.google.android.datatransport.runtime.scheduling.jobscheduling.JobInfoSchedulerService"
231-->[com.google.android.datatransport:transport-runtime:3.1.8] AndroidManifest.xml:27:13-117
232            android:exported="false"
232-->[com.google.android.datatransport:transport-runtime:3.1.8] AndroidManifest.xml:28:13-37
233            android:permission="android.permission.BIND_JOB_SERVICE" >
233-->[com.google.android.datatransport:transport-runtime:3.1.8] AndroidManifest.xml:29:13-69
234        </service>
235
236        <receiver
236-->[com.google.android.datatransport:transport-runtime:3.1.8] AndroidManifest.xml:32:9-34:40
237            android:name="com.google.android.datatransport.runtime.scheduling.jobscheduling.AlarmManagerSchedulerBroadcastReceiver"
237-->[com.google.android.datatransport:transport-runtime:3.1.8] AndroidManifest.xml:33:13-132
238            android:exported="false" />
238-->[com.google.android.datatransport:transport-runtime:3.1.8] AndroidManifest.xml:34:13-37
239    </application>
240
241</manifest>